<?xml version="1.0" encoding="utf-8"?><testsuites><testsuite errors="0" failures="0" hostname="Alexs-MacBook-Pro.local" name="pytest" skipped="0" tests="2" time="3.341" timestamp="2020-11-17T14:55:56.339178"><testcase classname="ephys_anonymizer.tests.test_raw_anonymize" file="ephys_anonymizer/tests/test_raw_anonymize.py" line="30" name="test_raw_anonymize" time="0.789"><system-out>Reading in /Users/alexrockhill/mne_data/MNE-testing-data/MEG/sample/sample_audvis_trunc_raw.fif
Opening raw data file /Users/alexrockhill/mne_data/MNE-testing-data/MEG/sample/sample_audvis_trunc_raw.fif...
    Read a total of 4 projection items:
        PCA-v1 (1 x 102)  idle
        PCA-v2 (1 x 102)  idle
        PCA-v3 (1 x 102)  idle
        Average EEG reference (1 x 60)  idle
    Range : 12900 ... 18906 =     42.956 ...    62.955 secs
Ready.
Current compensation grade : 0
Anonymizing
Saving to /var/folders/s4/y1vlkn8d70jfw7s8s03m9p540000gn/T/tmp_mne_tempdir_ymwbul2r/test-anon-raw.fif
Writing /private/var/folders/s4/y1vlkn8d70jfw7s8s03m9p540000gn/T/tmp_mne_tempdir_ymwbul2r/test-anon-raw.fif
Closing /private/var/folders/s4/y1vlkn8d70jfw7s8s03m9p540000gn/T/tmp_mne_tempdir_ymwbul2r/test-anon-raw.fif [done]
Opening raw data file /var/folders/s4/y1vlkn8d70jfw7s8s03m9p540000gn/T/tmp_mne_tempdir_ymwbul2r/test-anon-raw.fif...
    Read a total of 4 projection items:
        PCA-v1 (1 x 102)  idle
        PCA-v2 (1 x 102)  idle
        PCA-v3 (1 x 102)  idle
        Average EEG reference (1 x 60)  idle
    Range : 12900 ... 18906 =     42.956 ...    62.955 secs
Ready.
Current compensation grade : 0
Reading in /Users/alexrockhill/mne_data/MNE-testing-data/EDF/test_reduced.edf
Extracting EDF parameters from /Users/alexrockhill/mne_data/MNE-testing-data/EDF/test_reduced.edf...
EDF file detected
Setting channel info structure...
Creating raw.info structure...
Anonymizing
Saving to /var/folders/s4/y1vlkn8d70jfw7s8s03m9p540000gn/T/tmp_mne_tempdir_ymwbul2r/test-anon-raw.fif
Overwriting existing file.
Writing /private/var/folders/s4/y1vlkn8d70jfw7s8s03m9p540000gn/T/tmp_mne_tempdir_ymwbul2r/test-anon-raw.fif
Closing /private/var/folders/s4/y1vlkn8d70jfw7s8s03m9p540000gn/T/tmp_mne_tempdir_ymwbul2r/test-anon-raw.fif [done]
Opening raw data file /var/folders/s4/y1vlkn8d70jfw7s8s03m9p540000gn/T/tmp_mne_tempdir_ymwbul2r/test-anon-raw.fif...
Isotrak not found
    Range : 0 ... 3071 =      0.000 ...     5.998 secs
Ready.
</system-out></testcase><testcase classname="ephys_anonymizer.tests.test_video_anonymize" file="ephys_anonymizer/tests/test_video_anonymize.py" line="29" name="test_video_anonymize" time="0.209"><system-out>Reading in /var/folders/s4/y1vlkn8d70jfw7s8s03m9p540000gn/T/tmp_mne_tempdir_5yl2ic_b/test_vid.mp4
Anonymizing .
Video saved to /var/folders/s4/y1vlkn8d70jfw7s8s03m9p540000gn/T/tmp_mne_tempdir_5yl2ic_b/test_vid-anon.mp4
Reading in /var/folders/s4/y1vlkn8d70jfw7s8s03m9p540000gn/T/tmp_mne_tempdir_5yl2ic_b/test_vid.mov
Anonymizing .
Video saved to /var/folders/s4/y1vlkn8d70jfw7s8s03m9p540000gn/T/tmp_mne_tempdir_5yl2ic_b/test_vid-anon.mp4
Reading in /var/folders/s4/y1vlkn8d70jfw7s8s03m9p540000gn/T/tmp_mne_tempdir_5yl2ic_b/test_vid.avi
Anonymizing .
Video saved to /var/folders/s4/y1vlkn8d70jfw7s8s03m9p540000gn/T/tmp_mne_tempdir_5yl2ic_b/test_vid-anon.mp4
</system-out><system-err>OpenCV: Couldn&apos;t read video stream from file &quot;/var/folders/s4/y1vlkn8d70jfw7s8s03m9p540000gn/T/tmp_mne_tempdir_5yl2ic_b/test_vid.mp4&quot;
OpenCV: Couldn&apos;t read video stream from file &quot;/var/folders/s4/y1vlkn8d70jfw7s8s03m9p540000gn/T/tmp_mne_tempdir_5yl2ic_b/test_vid-anon.mp4&quot;
OpenCV: Couldn&apos;t read video stream from file &quot;/var/folders/s4/y1vlkn8d70jfw7s8s03m9p540000gn/T/tmp_mne_tempdir_5yl2ic_b/test_vid.mov&quot;
[ERROR:0] global /Users/travis/build/skvark/opencv-python/opencv/modules/videoio/src/cap.cpp (116) open VIDEOIO(CV_IMAGES): raised OpenCV exception:

OpenCV(4.2.0) /Users/travis/build/skvark/opencv-python/opencv/modules/videoio/src/cap_images.cpp:253: error: (-5:Bad argument) CAP_IMAGES: can&apos;t find starting number (in the name of file): /var/folders/s4/y1vlkn8d70jfw7s8s03m9p540000gn/T/tmp_mne_tempdir_5yl2ic_b/test_vid.mov in function &apos;icvExtractPattern&apos;


OpenCV: Couldn&apos;t read video stream from file &quot;/var/folders/s4/y1vlkn8d70jfw7s8s03m9p540000gn/T/tmp_mne_tempdir_5yl2ic_b/test_vid-anon.mp4&quot;
OpenCV: Couldn&apos;t read video stream from file &quot;/var/folders/s4/y1vlkn8d70jfw7s8s03m9p540000gn/T/tmp_mne_tempdir_5yl2ic_b/test_vid.avi&quot;
[ERROR:0] global /Users/travis/build/skvark/opencv-python/opencv/modules/videoio/src/cap.cpp (116) open VIDEOIO(CV_IMAGES): raised OpenCV exception:

OpenCV(4.2.0) /Users/travis/build/skvark/opencv-python/opencv/modules/videoio/src/cap_images.cpp:253: error: (-5:Bad argument) CAP_IMAGES: can&apos;t find starting number (in the name of file): /var/folders/s4/y1vlkn8d70jfw7s8s03m9p540000gn/T/tmp_mne_tempdir_5yl2ic_b/test_vid.avi in function &apos;icvExtractPattern&apos;


OpenCV: Couldn&apos;t read video stream from file &quot;/var/folders/s4/y1vlkn8d70jfw7s8s03m9p540000gn/T/tmp_mne_tempdir_5yl2ic_b/test_vid-anon.mp4&quot;
</system-err></testcase></testsuite></testsuites>