<?xml version="1.0" encoding="utf-8"?><testsuites><testsuite errors="0" failures="0" hostname="CAS-HPHY506L" name="pytest" skipped="0" tests="1" time="1.962" timestamp="2020-11-16T16:09:13.794914"><testcase classname="ephys_anonymizer.tests.test_raw_anonymize" file="ephys_anonymizer/tests/test_raw_anonymize.py" line="30" name="test_raw_anonymize" time="1.428"></testcase></testsuite></testsuites>